Running: ./bin/tsp_constructive_heuristic ./tsp_input/EUC_2D/ 1 0.7 5
./bin/tsp_constructive_heuristic ./tsp_input/EUC_2D/ 1 0.7 5
Results for ./tsp_input/EUC_2D/st70.tsp:
GRASP Iteration 1:
Initial Path Cost: 3373.01
Final Path Cost: 1102.59
VND Time: 0.300476 seconds
GRASP Iteration 2:
Initial Path Cost: 2977.95
Final Path Cost: 1144.26
VND Time: 0.422141 seconds
GRASP Iteration 3:
Initial Path Cost: 3120.25
Final Path Cost: 935.642
VND Time: 0.677772 seconds
GRASP Iteration 4:
Initial Path Cost: 2940.24
Final Path Cost: 1053.31
VND Time: 0.925109 seconds
GRASP Iteration 5:
Initial Path Cost: 3090.21
Final Path Cost: 1031.39
VND Time: 0.383279 seconds
Average Path Cost: 1053.44
Average Elapsed Time: 0.541755 seconds
Average Initial Path Cost: 3100.33

Best Solution Found:
Best Path Cost: 935.642

Results for ./tsp_input/EUC_2D/pr144.tsp:
GRASP Iteration 1:
Initial Path Cost: 605231
Final Path Cost: 153119
VND Time: 14.9644 seconds
GRASP Iteration 2:
Initial Path Cost: 640316
Final Path Cost: 150004
VND Time: 19.7543 seconds
GRASP Iteration 3:
Initial Path Cost: 605071
Final Path Cost: 131423
VND Time: 13.937 seconds
GRASP Iteration 4:
Initial Path Cost: 608549
Final Path Cost: 169110
VND Time: 20.0649 seconds
GRASP Iteration 5:
Initial Path Cost: 569444
Final Path Cost: 134799
VND Time: 13.4454 seconds
Average Path Cost: 147691
Average Elapsed Time: 16.4332 seconds
Average Initial Path Cost: 605722

Best Solution Found:
Best Path Cost: 131423

Results for ./tsp_input/EUC_2D/pr107.tsp:
GRASP Iteration 1:
Initial Path Cost: 278971
Final Path Cost: 63829.6
VND Time: 4.71978 seconds
GRASP Iteration 2:
Initial Path Cost: 277468
Final Path Cost: 63710.7
VND Time: 6.68013 seconds
GRASP Iteration 3:
Initial Path Cost: 312158
Final Path Cost: 73811.9
VND Time: 3.27441 seconds
GRASP Iteration 4:
Initial Path Cost: 274977
Final Path Cost: 72029.1
VND Time: 6.49947 seconds
GRASP Iteration 5:
Initial Path Cost: 282020
Final Path Cost: 72174.6
VND Time: 4.48307 seconds
Average Path Cost: 69111.2
Average Elapsed Time: 5.13137 seconds
Average Initial Path Cost: 285119

Best Solution Found:
Best Path Cost: 63710.7

Results for ./tsp_input/EUC_2D/kroB100.tsp:
GRASP Iteration 1:
Initial Path Cost: 112945
Final Path Cost: 34490.8
VND Time: 3.99051 seconds
GRASP Iteration 2:
Initial Path Cost: 128454
Final Path Cost: 39911.1
VND Time: 1.62511 seconds
GRASP Iteration 3:
Initial Path Cost: 118219
Final Path Cost: 39100.4
VND Time: 3.61536 seconds
GRASP Iteration 4:
Initial Path Cost: 129537
Final Path Cost: 38872.7
VND Time: 2.15795 seconds
GRASP Iteration 5:
Initial Path Cost: 118169
Final Path Cost: 35726.4
VND Time: 1.15225 seconds
Average Path Cost: 37620.3
Average Elapsed Time: 2.50824 seconds
Average Initial Path Cost: 121465

Best Solution Found:
Best Path Cost: 34490.8

Results for ./tsp_input/EUC_2D/kroB200.tsp:
GRASP Iteration 1:
Initial Path Cost: 255913
Final Path Cost: 62202.9
VND Time: 144.366 seconds
GRASP Iteration 2:
Initial Path Cost: 249574
Final Path Cost: 57023.6
VND Time: 93.7188 seconds
GRASP Iteration 3:
Initial Path Cost: 234932
Final Path Cost: 60679.9
VND Time: 74.5639 seconds
GRASP Iteration 4:
Initial Path Cost: 236627
Final Path Cost: 64873.7
VND Time: 69.0177 seconds
GRASP Iteration 5:
Initial Path Cost: 240640
Final Path Cost: 58451.8
VND Time: 88.8825 seconds
Average Path Cost: 60646.4
Average Elapsed Time: 94.1098 seconds
Average Initial Path Cost: 243537

Best Solution Found:
Best Path Cost: 57023.6

Results for ./tsp_input/EUC_2D/rat195.tsp:
GRASP Iteration 1:
Initial Path Cost: 16314.3
Final Path Cost: 3939.42
VND Time: 88.0102 seconds
GRASP Iteration 2:
Initial Path Cost: 17036.7
Final Path Cost: 4424.52
VND Time: 67.4447 seconds
GRASP Iteration 3:
Initial Path Cost: 16011.8
Final Path Cost: 4155.38
VND Time: 48.0554 seconds
GRASP Iteration 4:
Initial Path Cost: 16206.8
Final Path Cost: 3773.3
VND Time: 68.0054 seconds
GRASP Iteration 5:
Initial Path Cost: 16921.1
Final Path Cost: 3851.64
VND Time: 44.3599 seconds
Average Path Cost: 4028.85
Average Elapsed Time: 63.1751 seconds
Average Initial Path Cost: 16498.1

Best Solution Found:
Best Path Cost: 3773.3

Results for ./tsp_input/EUC_2D/kroC100.tsp:
GRASP Iteration 1:
Initial Path Cost: 129929
Final Path Cost: 37834.3
VND Time: 4.48756 seconds
GRASP Iteration 2:
Initial Path Cost: 130426
Final Path Cost: 36988.5
VND Time: 2.56202 seconds
GRASP Iteration 3:
Initial Path Cost: 125461
Final Path Cost: 36200.4
VND Time: 2.31372 seconds
GRASP Iteration 4:
Initial Path Cost: 113826
Final Path Cost: 35195
VND Time: 3.1391 seconds
GRASP Iteration 5:
Initial Path Cost: 130360
Final Path Cost: 37819.4
VND Time: 3.14695 seconds
Average Path Cost: 36807.5
Average Elapsed Time: 3.12987 seconds
Average Initial Path Cost: 126000

Best Solution Found:
Best Path Cost: 35195

Results for ./tsp_input/EUC_2D/kroD100.tsp:
GRASP Iteration 1:
Initial Path Cost: 117355
Final Path Cost: 33653.4
VND Time: 5.86695 seconds
GRASP Iteration 2:
Initial Path Cost: 112982
Final Path Cost: 34305.1
VND Time: 2.2098 seconds
GRASP Iteration 3:
Initial Path Cost: 124362
Final Path Cost: 37147
VND Time: 1.87615 seconds
GRASP Iteration 4:
Initial Path Cost: 129251
Final Path Cost: 30528
VND Time: 3.26089 seconds
GRASP Iteration 5:
Initial Path Cost: 122195
Final Path Cost: 33150.7
VND Time: 2.79325 seconds
Average Path Cost: 33756.8
Average Elapsed Time: 3.20141 seconds
Average Initial Path Cost: 121229

Best Solution Found:
Best Path Cost: 30528

Results for ./tsp_input/EUC_2D/kroA150.tsp:
GRASP Iteration 1:
Initial Path Cost: 180342
Final Path Cost: 51108.6
VND Time: 15.1405 seconds
GRASP Iteration 2:
Initial Path Cost: 193717
Final Path Cost: 50371.7
VND Time: 19.304 seconds
GRASP Iteration 3:
Initial Path Cost: 193183
Final Path Cost: 48133.4
VND Time: 9.99128 seconds
GRASP Iteration 4:
Initial Path Cost: 183827
Final Path Cost: 47511.3
VND Time: 15.4725 seconds
GRASP Iteration 5:
Initial Path Cost: 172272
Final Path Cost: 44936.9
VND Time: 16.359 seconds
Average Path Cost: 48412.4
Average Elapsed Time: 15.2535 seconds
Average Initial Path Cost: 184668

Best Solution Found:
Best Path Cost: 44936.9

Results for ./tsp_input/EUC_2D/berlin52.tsp:
GRASP Iteration 1:
Initial Path Cost: 25788.6
Final Path Cost: 9185.18
VND Time: 0.294903 seconds
GRASP Iteration 2:
Initial Path Cost: 28301.2
Final Path Cost: 9473.57
VND Time: 0.104282 seconds
GRASP Iteration 3:
Initial Path Cost: 24143.5
Final Path Cost: 8818.11
VND Time: 0.118325 seconds
GRASP Iteration 4:
Initial Path Cost: 25914.7
Final Path Cost: 10119.5
VND Time: 0.12225 seconds
GRASP Iteration 5:
Initial Path Cost: 23450.4
Final Path Cost: 9941.44
VND Time: 0.083767 seconds
Average Path Cost: 9507.57
Average Elapsed Time: 0.144705 seconds
Average Initial Path Cost: 25519.7

Best Solution Found:
Best Path Cost: 8818.11

Results for ./tsp_input/EUC_2D/pr76.tsp:
GRASP Iteration 1:
Initial Path Cost: 476853
Final Path Cost: 161430
VND Time: 0.698835 seconds
GRASP Iteration 2:
Initial Path Cost: 553582
Final Path Cost: 175636
VND Time: 0.626321 seconds
GRASP Iteration 3:
Initial Path Cost: 533026
Final Path Cost: 189342
VND Time: 0.356901 seconds
GRASP Iteration 4:
Initial Path Cost: 475152
Final Path Cost: 162086
VND Time: 0.487563 seconds
GRASP Iteration 5:
Initial Path Cost: 541596
Final Path Cost: 148537
VND Time: 0.725388 seconds
Average Path Cost: 167406
Average Elapsed Time: 0.579002 seconds
Average Initial Path Cost: 516042

Best Solution Found:
Best Path Cost: 148537

Results for ./tsp_input/EUC_2D/pr136.tsp:
GRASP Iteration 1:
Initial Path Cost: 670397
Final Path Cost: 173545
VND Time: 10.7782 seconds
GRASP Iteration 2:
Initial Path Cost: 631603
Final Path Cost: 187071
VND Time: 7.37528 seconds
GRASP Iteration 3:
Initial Path Cost: 629013
Final Path Cost: 175579
VND Time: 5.86736 seconds
GRASP Iteration 4:
Initial Path Cost: 671739
Final Path Cost: 160611
VND Time: 5.32599 seconds
GRASP Iteration 5:
Initial Path Cost: 651346
Final Path Cost: 173856
VND Time: 7.5033 seconds
Average Path Cost: 174132
Average Elapsed Time: 7.37003 seconds
Average Initial Path Cost: 650820

Best Solution Found:
Best Path Cost: 160611

Results for ./tsp_input/EUC_2D/kroB150.tsp:
GRASP Iteration 1:
Initial Path Cost: 181046
Final Path Cost: 53657.1
VND Time: 25.7316 seconds
GRASP Iteration 2:
Initial Path Cost: 183673
Final Path Cost: 50983.1
VND Time: 14.3813 seconds
GRASP Iteration 3:
Initial Path Cost: 184070
Final Path Cost: 45437.3
VND Time: 17.3858 seconds
GRASP Iteration 4:
Initial Path Cost: 172000
Final Path Cost: 47307.9
VND Time: 30.5471 seconds
GRASP Iteration 5:
Initial Path Cost: 164867
Final Path Cost: 52208.7
VND Time: 20.0086 seconds
Average Path Cost: 49918.8
Average Elapsed Time: 21.6109 seconds
Average Initial Path Cost: 177131

Best Solution Found:
Best Path Cost: 45437.3

Results for ./tsp_input/EUC_2D/pr152.tsp:
GRASP Iteration 1:
Initial Path Cost: 689044
Final Path Cost: 221814
VND Time: 22.9149 seconds
GRASP Iteration 2:
Initial Path Cost: 745136
Final Path Cost: 198540
VND Time: 11.8436 seconds
GRASP Iteration 3:
Initial Path Cost: 762313
Final Path Cost: 221195
VND Time: 50.2158 seconds
GRASP Iteration 4:
Initial Path Cost: 760902
Final Path Cost: 193113
VND Time: 15.0659 seconds
GRASP Iteration 5:
Initial Path Cost: 792814
Final Path Cost: 191554
VND Time: 19.007 seconds
Average Path Cost: 205243
Average Elapsed Time: 23.8095 seconds
Average Initial Path Cost: 750042

Best Solution Found:
Best Path Cost: 191554

Results for ./tsp_input/EUC_2D/kroE100.tsp:
GRASP Iteration 1:
Initial Path Cost: 130130
Final Path Cost: 34406.3
VND Time: 1.83495 seconds
GRASP Iteration 2:
Initial Path Cost: 121481
Final Path Cost: 41261.8
VND Time: 2.8095 seconds
GRASP Iteration 3:
Initial Path Cost: 127300
Final Path Cost: 36954.3
VND Time: 1.09611 seconds
GRASP Iteration 4:
Initial Path Cost: 117498
Final Path Cost: 35696.6
VND Time: 1.36827 seconds
GRASP Iteration 5:
Initial Path Cost: 110107
Final Path Cost: 38293
VND Time: 2.01772 seconds
Average Path Cost: 37322.4
Average Elapsed Time: 1.82531 seconds
Average Initial Path Cost: 121303

Best Solution Found:
Best Path Cost: 34406.3

Results for ./tsp_input/EUC_2D/lin105.tsp:
GRASP Iteration 1:
Initial Path Cost: 100575
Final Path Cost: 27564.4
VND Time: 5.53627 seconds
GRASP Iteration 2:
Initial Path Cost: 95134
Final Path Cost: 26348.3
VND Time: 3.43005 seconds
GRASP Iteration 3:
Initial Path Cost: 91193.4
Final Path Cost: 30327.9
VND Time: 2.15338 seconds
GRASP Iteration 4:
Initial Path Cost: 95526.9
Final Path Cost: 28071.2
VND Time: 2.02529 seconds
GRASP Iteration 5:
Initial Path Cost: 94561.1
Final Path Cost: 21686.8
VND Time: 6.23848 seconds
Average Path Cost: 26799.7
Average Elapsed Time: 3.87669 seconds
Average Initial Path Cost: 95398

Best Solution Found:
Best Path Cost: 21686.8

Results for ./tsp_input/EUC_2D/rat99.tsp:
GRASP Iteration 1:
Initial Path Cost: 6241.31
Final Path Cost: 1833.75
VND Time: 1.84665 seconds
GRASP Iteration 2:
Initial Path Cost: 6389.68
Final Path Cost: 1990.98
VND Time: 2.20958 seconds
GRASP Iteration 3:
Initial Path Cost: 6178.16
Final Path Cost: 2033.39
VND Time: 1.96397 seconds
GRASP Iteration 4:
Initial Path Cost: 6184.17
Final Path Cost: 1848.85
VND Time: 2.39291 seconds
GRASP Iteration 5:
Initial Path Cost: 5848.34
Final Path Cost: 2108.34
VND Time: 1.50833 seconds
Average Path Cost: 1963.06
Average Elapsed Time: 1.98429 seconds
Average Initial Path Cost: 6168.33

Best Solution Found:
Best Path Cost: 1833.75

Results for ./tsp_input/EUC_2D/pr124.tsp:
GRASP Iteration 1:
Initial Path Cost: 510717
Final Path Cost: 134105
VND Time: 8.811 seconds
GRASP Iteration 2:
Initial Path Cost: 482095
Final Path Cost: 139640
VND Time: 11.5693 seconds
GRASP Iteration 3:
Initial Path Cost: 534870
Final Path Cost: 131634
VND Time: 6.48119 seconds
GRASP Iteration 4:
Initial Path Cost: 529416
Final Path Cost: 115679
VND Time: 9.62909 seconds
GRASP Iteration 5:
Initial Path Cost: 511703
Final Path Cost: 146295
VND Time: 12.9745 seconds
Average Path Cost: 133471
Average Elapsed Time: 9.89301 seconds
Average Initial Path Cost: 513760

Best Solution Found:
Best Path Cost: 115679

Results for ./tsp_input/EUC_2D/kroA100.tsp:
GRASP Iteration 1:
Initial Path Cost: 121239
Final Path Cost: 35882.2
VND Time: 5.98011 seconds
GRASP Iteration 2:
Initial Path Cost: 121185
Final Path Cost: 39626.5
VND Time: 2.17044 seconds
GRASP Iteration 3:
Initial Path Cost: 119665
Final Path Cost: 38642.2
VND Time: 1.7045 seconds
GRASP Iteration 4:
Initial Path Cost: 121664
Final Path Cost: 39909.5
VND Time: 2.74122 seconds
GRASP Iteration 5:
Initial Path Cost: 122159
Final Path Cost: 36100.5
VND Time: 1.7992 seconds
Average Path Cost: 38032.2
Average Elapsed Time: 2.87909 seconds
Average Initial Path Cost: 121182

Best Solution Found:
Best Path Cost: 35882.2

Results for ./tsp_input/EUC_2D/kroA200.tsp:
GRASP Iteration 1:
Initial Path Cost: 235169
Final Path Cost: 58581.1
VND Time: 99.79 seconds
GRASP Iteration 2:
Initial Path Cost: 240159
Final Path Cost: 54478.1
VND Time: 63.1658 seconds
GRASP Iteration 3:
Initial Path Cost: 268498
Final Path Cost: 60507.9
VND Time: 111.229 seconds
GRASP Iteration 4:
Initial Path Cost: 260958
Final Path Cost: 52959.1
VND Time: 26.2588 seconds
GRASP Iteration 5:
Initial Path Cost: 253077
Final Path Cost: 55790.4
VND Time: 98.288 seconds
Average Path Cost: 56463.3
Average Elapsed Time: 79.7462 seconds
Average Initial Path Cost: 251572

Best Solution Found:
Best Path Cost: 52959.1

